<?xml version="1.0" encoding="UTF-8"?>
<!-- Generated by org.testng.reporters.JUnitXMLReporter -->
<testsuite hostname="Amit" failures="0" tests="3" name="Default test" time="37.999" errors="0" timestamp="4 Oct 2019 17:41:46 GMT">
  <testcase classname="HandlingDropDown.DataProviderExample" name="createEmployee" time="13.828"/>
  <testcase classname="HandlingDropDown.DataProviderExample" name="createEmployee" time="11.326"/>
  <testcase classname="HandlingDropDown.DataProviderExample" name="createEmployee" time="10.914"/>
</testsuite> <!-- Default test -->
